2022-11-24 01:57:34,297 - __main__ - INFO - Fetched email from: Wed, 23 Nov 2022 05:32:39
2022-11-24 01:57:35,611 - __main__ - INFO - Fetched email from: Wed, 23 Nov 2022 09:13:29
2022-11-24 04:28:19,599 - __main__ - INFO - Fetched email from: Thu, 24 Nov 2022 03:35:11
2022-11-24 09:33:49,507 - __main__ - INFO - Fetched email from: Thu, 24 Nov 2022 09:30:10
2022-11-29 10:07:27,477 - __main__ - INFO - Fetched email from: Tue, 29 Nov 2022 10:04:31
2022-11-30 06:09:46,145 - __main__ - INFO - Fetched email from: Wed, 30 Nov 2022 05:48:39
2022-11-30 09:34:11,325 - __main__ - INFO - Fetched email from: Wed, 30 Nov 2022 09:26:53
2022-12-01 04:41:06,526 - __main__ - INFO - Fetched email from: Thu, 01 Dec 2022 04:36:35
2022-12-01 10:37:50,985 - __main__ - INFO - Fetched email from: Thu, 01 Dec 2022 10:25:25
2022-12-02 04:08:26,091 - __main__ - INFO - Fetched email from: Fri, 02 Dec 2022 04:00:47
2022-12-02 10:35:32,195 - __main__ - INFO - Fetched email from: Fri, 02 Dec 2022 10:12:41
2022-12-05 04:38:26,606 - __main__ - INFO - Fetched email from: Mon, 05 Dec 2022 04:35:50
2022-12-05 09:31:57,097 - __main__ - INFO - Fetched email from: Mon, 05 Dec 2022 09:21:35
2022-12-06 05:07:03,819 - __main__ - INFO - Fetched email from: Tue, 06 Dec 2022 04:57:48
2022-12-06 11:05:52,602 - __main__ - INFO - Fetched email from: Tue, 06 Dec 2022 10:41:33
2022-12-07 07:31:58,429 - __main__ - INFO - Fetched email from: Wed, 07 Dec 2022 04:30:49
2022-12-07 08:37:19,415 - __main__ - INFO - Fetched email from: Wed, 07 Dec 2022 08:11:36
2022-12-08 05:31:57,402 - __main__ - INFO - Fetched email from: Thu, 08 Dec 2022 05:19:18
2022-12-08 11:05:44,117 - __main__ - INFO - Fetched email from: Thu, 08 Dec 2022 11:04:09
2022-12-09 04:38:11,801 - __main__ - INFO - Fetched email from: Fri, 09 Dec 2022 04:35:30
2022-12-09 09:31:54,321 - __main__ - INFO - Fetched email from: Fri, 09 Dec 2022 09:21:56
2022-12-12 04:25:25,600 - __main__ - INFO - Fetched email from: Mon, 12 Dec 2022 04:16:51
2022-12-12 09:21:05,838 - __main__ - INFO - Fetched email from: Mon, 12 Dec 2022 09:16:56
2022-12-13 04:26:08,501 - __main__ - INFO - Fetched email from: Tue, 13 Dec 2022 03:56:15
2022-12-13 09:39:52,806 - __main__ - INFO - Fetched email from: Tue, 13 Dec 2022 09:28:18
2022-12-14 04:26:29,518 - __main__ - INFO - Fetched email from: Wed, 14 Dec 2022 03:59:51
2022-12-14 10:23:07,683 - __main__ - INFO - Fetched email from: Wed, 14 Dec 2022 10:16:44
2022-12-15 04:44:12,183 - __main__ - INFO - Fetched email from: Thu, 15 Dec 2022 04:41:32
2022-12-15 08:27:27,546 - __main__ - INFO - Fetched email from: Thu, 15 Dec 2022 08:16:56
2022-12-16 04:24:24,629 - __main__ - INFO - Fetched email from: Fri, 16 Dec 2022 03:59:36
2022-12-16 08:24:43,695 - __main__ - INFO - Fetched email from: Fri, 16 Dec 2022 08:21:48
2022-12-19 04:24:37,773 - __main__ - INFO - Fetched email from: Mon, 19 Dec 2022 03:47:19
2022-12-19 10:24:14,462 - __main__ - INFO - Fetched email from: Mon, 19 Dec 2022 10:10:29
2022-12-20 05:18:48,309 - __main__ - INFO - Fetched email from: Tue, 20 Dec 2022 05:14:12
2022-12-20 10:23:21,115 - __main__ - INFO - Fetched email from: Tue, 20 Dec 2022 09:50:37
2022-12-21 04:24:55,934 - __main__ - INFO - Fetched email from: Wed, 21 Dec 2022 03:57:22
2022-12-21 10:40:05,321 - __main__ - INFO - Fetched email from: Wed, 21 Dec 2022 10:27:53
2022-12-22 04:24:57,912 - __main__ - INFO - Fetched email from: Thu, 22 Dec 2022 03:44:39
2022-12-22 10:22:27,024 - __main__ - INFO - Fetched email from: Thu, 22 Dec 2022 09:58:42
2022-12-23 06:25:47,052 - __main__ - INFO - Fetched email from: Fri, 23 Dec 2022 05:40:12
2022-12-23 09:38:54,198 - __main__ - INFO - Fetched email from: Fri, 23 Dec 2022 09:28:06
2022-12-26 05:18:45,396 - __main__ - INFO - Fetched email from: Mon, 26 Dec 2022 04:56:37
2022-12-26 10:21:34,256 - __main__ - INFO - Fetched email from: Mon, 26 Dec 2022 10:08:32
2022-12-27 04:41:49,449 - __main__ - INFO - Fetched email from: Tue, 27 Dec 2022 04:34:41
2022-12-27 08:41:02,694 - __main__ - INFO - Fetched email from: Tue, 27 Dec 2022 08:27:54
2022-12-29 04:25:00,117 - __main__ - INFO - Fetched email from: Thu, 29 Dec 2022 04:22:46
2022-12-29 10:39:03,503 - __main__ - INFO - Fetched email from: Thu, 29 Dec 2022 10:22:40
2023-01-02 06:25:09,941 - __main__ - INFO - Fetched email from: Mon, 02 Jan 2023 05:40:44
2023-01-02 10:21:38,636 - __main__ - INFO - Fetched email from: Mon, 02 Jan 2023 10:21:21
2023-01-03 06:24:10,547 - __main__ - INFO - Fetched email from: Tue, 03 Jan 2023 05:58:58
2023-01-03 11:16:26,295 - __main__ - INFO - Fetched email from: Tue, 03 Jan 2023 10:46:18
2023-01-04 04:24:12,498 - __main__ - INFO - Fetched email from: Wed, 04 Jan 2023 03:43:07
2023-01-04 10:23:07,904 - __main__ - INFO - Fetched email from: Wed, 04 Jan 2023 10:08:43
2023-01-05 04:42:39,817 - __main__ - INFO - Fetched email from: Thu, 05 Jan 2023 04:36:38
2023-01-05 10:22:52,066 - __main__ - INFO - Fetched email from: Thu, 05 Jan 2023 10:19:44
2023-01-06 04:24:47,916 - __main__ - INFO - Fetched email from: Fri, 06 Jan 2023 04:00:35
2023-01-06 10:22:41,683 - __main__ - INFO - Fetched email from: Fri, 06 Jan 2023 09:57:54
2023-01-09 05:19:04,410 - __main__ - INFO - Fetched email from: Mon, 09 Jan 2023 05:12:04
2023-01-09 08:26:53,095 - __main__ - INFO - Fetched email from: Mon, 09 Jan 2023 08:24:07
2023-01-10 06:26:45,534 - __main__ - INFO - Fetched email from: Tue, 10 Jan 2023 05:57:54
2023-01-10 11:17:40,004 - __main__ - INFO - Fetched email from: Tue, 10 Jan 2023 10:48:01
2023-01-11 04:42:50,043 - __main__ - INFO - Fetched email from: Wed, 11 Jan 2023 04:40:48
2023-01-11 10:26:38,598 - __main__ - INFO - Fetched email from: Wed, 11 Jan 2023 09:57:14
2023-01-12 04:25:00,218 - __main__ - INFO - Fetched email from: Thu, 12 Jan 2023 04:19:47
2023-01-12 10:25:26,860 - __main__ - INFO - Fetched email from: Thu, 12 Jan 2023 10:20:35
2023-01-13 04:42:58,461 - __main__ - INFO - Fetched email from: Fri, 13 Jan 2023 04:42:17
